<?xml version="1.0" encoding="UTF-8" ?>
<testsuite tests="8" failures="2" name="hr.fer.oprpp1.custom.collections.Prob1Test" time="0.019" errors="0" skipped="0">
  <properties>
[...]
</properties>
  <testcase classname="hr.fer.oprpp1.custom.collections.Prob1Test" name="hr.fer.oprpp1.custom.collections.Prob1Test.testPut" time="0.005"/>
  <testcase classname="hr.fer.oprpp1.custom.collections.Prob1Test" name="hr.fer.oprpp1.custom.collections.Prob1Test.testEmptyDict" time="0.011">
    <failure message="expected: &lt;false&gt; but was: &lt;true&gt;" type="org.opentest4j.AssertionFailedError">org.opentest4j.AssertionFailedError: expected: &lt;false&gt; but was: &lt;true&gt;
	at org.junit.jupiter.api.AssertionUtils.fail(AssertionUtils.java:55)
	at org.junit.jupiter.api.AssertionUtils.failNotEqual(AssertionUtils.java:62)
	at org.junit.jupiter.api.AssertEquals.assertEquals(AssertEquals.java:182)
	at org.junit.jupiter.api.AssertEquals.assertEquals(AssertEquals.java:177)
	at org.junit.jupiter.api.Assertions.assertEquals(Assertions.java:1141)
	at hr.fer.oprpp1.custom.collections.Prob1Test.testEmptyDict(Prob1Test.java:25)
</failure>
  </testcase>
  <testcase classname="hr.fer.oprpp1.custom.collections.Prob1Test" name="hr.fer.oprpp1.custom.collections.Prob1Test.testNullDictLength" time="0">
    <failure message="expected: &lt;1&gt; but was: &lt;0&gt;" type="org.opentest4j.AssertionFailedError">org.opentest4j.AssertionFailedError: expected: &lt;1&gt; but was: &lt;0&gt;
	at org.junit.jupiter.api.AssertionUtils.fail(AssertionUtils.java:55)
	at org.junit.jupiter.api.AssertionUtils.failNotEqual(AssertionUtils.java:62)
	at org.junit.jupiter.api.AssertEquals.assertEquals(AssertEquals.java:150)
	at org.junit.jupiter.api.AssertEquals.assertEquals(AssertEquals.java:145)
	at org.junit.jupiter.api.Assertions.assertEquals(Assertions.java:527)
	at hr.fer.oprpp1.custom.collections.Prob1Test.testNullDictLength(Prob1Test.java:20)
</failure>
  </testcase>
  <testcase classname="hr.fer.oprpp1.custom.collections.Prob1Test" name="hr.fer.oprpp1.custom.collections.Prob1Test.testNullKey" time="0.002"/>
  <testcase classname="hr.fer.oprpp1.custom.collections.Prob1Test" name="hr.fer.oprpp1.custom.collections.Prob1Test.testGet4" time="0"/>
  <testcase classname="hr.fer.oprpp1.custom.collections.Prob1Test" name="hr.fer.oprpp1.custom.collections.Prob1Test.testSize" time="0"/>
  <testcase classname="hr.fer.oprpp1.custom.collections.Prob1Test" name="hr.fer.oprpp1.custom.collections.Prob1Test.testGet" time="0.001"/>
  <testcase classname="hr.fer.oprpp1.custom.collections.Prob1Test" name="hr.fer.oprpp1.custom.collections.Prob1Test.testGet3" time="0"/>
</testsuite>